0 info it worked if it ends with ok
1 verbose cli [ '/home/arturo/.nvm/versions/node/v6.3.0/bin/node',
1 verbose cli   '/home/arturo/.nvm/versions/node/v6.3.0/bin/npm',
1 verbose cli   'publish' ]
2 info using npm@3.10.3
3 info using node@v6.3.0
4 verbose publish [ '.' ]
5 silly cache add args [ '.', null ]
6 verbose cache add spec .
7 silly cache add parsed spec Result {
7 silly cache add   raw: '.',
7 silly cache add   scope: null,
7 silly cache add   escapedName: null,
7 silly cache add   name: null,
7 silly cache add   rawSpec: '.',
7 silly cache add   spec: '/home/arturo/Proyectos/suitape',
7 silly cache add   type: 'directory' }
8 verbose addLocalDirectory /home/arturo/.npm/suitape/1.0.0/package.tgz not in flight; packing
9 verbose correctMkdir /home/arturo/.npm correctMkdir not in flight; initializing
10 info lifecycle suitape@1.0.0~prepublish: suitape@1.0.0
11 silly lifecycle suitape@1.0.0~prepublish: no script for prepublish, continuing
12 verbose tar pack [ '/home/arturo/.npm/suitape/1.0.0/package.tgz',
12 verbose tar pack   '/home/arturo/Proyectos/suitape' ]
13 verbose tarball /home/arturo/.npm/suitape/1.0.0/package.tgz
14 verbose folder /home/arturo/Proyectos/suitape
15 verbose addLocalTarball adding from inside cache /home/arturo/.npm/suitape/1.0.0/package.tgz
16 verbose correctMkdir /home/arturo/.npm correctMkdir not in flight; initializing
17 silly cache afterAdd suitape@1.0.0
18 verbose afterAdd /home/arturo/.npm/suitape/1.0.0/package/package.json not in flight; writing
19 verbose correctMkdir /home/arturo/.npm correctMkdir not in flight; initializing
20 verbose afterAdd /home/arturo/.npm/suitape/1.0.0/package/package.json written
21 silly publish { name: 'suitape',
21 silly publish   version: '1.0.0',
21 silly publish   description: 'A tiny wrapper for tape',
21 silly publish   main: 'suitape.js',
21 silly publish   scripts: { test: 'echo "Error: no test specified" && exit 1' },
21 silly publish   engines: { node: '>=6.2' },
21 silly publish   engineStrict: true,
21 silly publish   repository:
21 silly publish    { type: 'git',
21 silly publish      url: 'git+https://github.com/jartmez/suitape.git' },
21 silly publish   keywords: [ 'tape', 'suite', 'test' ],
21 silly publish   author: { name: 'Arturo Meza' },
21 silly publish   license: 'ISC',
21 silly publish   bugs: { url: 'https://github.com/jartmez/suitape/issues' },
21 silly publish   homepage: 'https://github.com/jartmez/suitape#readme',
21 silly publish   dependencies: { 'extend-tape': '^1.2.0', tape: '^4.6.0' },
21 silly publish   readme: '# Suitape\nA tiny wrapper for Tape to allow grouping tests in suites.\n',
21 silly publish   readmeFilename: 'README.md',
21 silly publish   gitHead: '7c1b4731a4af3315aef1db6cf7ab58775caa60b7',
21 silly publish   _id: 'suitape@1.0.0',
21 silly publish   _shasum: '453c7deee33fc1d2f89ae43130f609fd2eb621ad',
21 silly publish   _from: '.' }
22 verbose getPublishConfig undefined
23 silly mapToRegistry name suitape
24 silly mapToRegistry using default registry
25 silly mapToRegistry registry https://registry.npmjs.org/
26 silly mapToRegistry data Result {
26 silly mapToRegistry   raw: 'suitape',
26 silly mapToRegistry   scope: null,
26 silly mapToRegistry   escapedName: 'suitape',
26 silly mapToRegistry   name: 'suitape',
26 silly mapToRegistry   rawSpec: '',
26 silly mapToRegistry   spec: 'latest',
26 silly mapToRegistry   type: 'tag' }
27 silly mapToRegistry uri https://registry.npmjs.org/suitape
28 verbose publish registryBase https://registry.npmjs.org/
29 silly publish uploading /home/arturo/.npm/suitape/1.0.0/package.tgz
30 verbose request uri https://registry.npmjs.org/suitape
31 verbose request sending authorization for write operation
32 info attempt registry request try #1 at 20:23:31
33 verbose request using bearer token for auth
34 verbose request id 34dd9a032421de55
35 http request PUT https://registry.npmjs.org/suitape
36 http 403 https://registry.npmjs.org/suitape
37 verbose headers { 'content-type': 'application/json',
37 verbose headers   'cache-control': 'max-age=300',
37 verbose headers   'content-length': '95',
37 verbose headers   'accept-ranges': 'bytes',
37 verbose headers   date: 'Mon, 18 Jul 2016 02:23:31 GMT',
37 verbose headers   via: '1.1 varnish',
37 verbose headers   connection: 'keep-alive',
37 verbose headers   'x-served-by': 'cache-lax1439-LAX',
37 verbose headers   'x-cache': 'MISS',
37 verbose headers   'x-cache-hits': '0',
37 verbose headers   'x-timer': 'S1468808611.512313,VS0,VE227',
37 verbose headers   vary: 'Accept-Encoding' }
38 verbose request invalidating /home/arturo/.npm/registry.npmjs.org/suitape on PUT
39 error publish Failed PUT 403
40 verbose stack Error: "You cannot publish over the previously published version 1.0.0." : suitape
40 verbose stack     at makeError (/home/arturo/.nvm/versions/node/v6.3.0/lib/node_modules/npm/node_modules/npm-registry-client/lib/request.js:264:12)
40 verbose stack     at CachingRegistryClient.<anonymous> (/home/arturo/.nvm/versions/node/v6.3.0/lib/node_modules/npm/node_modules/npm-registry-client/lib/request.js:252:14)
40 verbose stack     at Request._callback (/home/arturo/.nvm/versions/node/v6.3.0/lib/node_modules/npm/node_modules/npm-registry-client/lib/request.js:172:14)
40 verbose stack     at Request.self.callback (/home/arturo/.nvm/versions/node/v6.3.0/lib/node_modules/npm/node_modules/request/request.js:200:22)
40 verbose stack     at emitTwo (events.js:106:13)
40 verbose stack     at Request.emit (events.js:191:7)
40 verbose stack     at Request.<anonymous> (/home/arturo/.nvm/versions/node/v6.3.0/lib/node_modules/npm/node_modules/request/request.js:1067:10)
40 verbose stack     at emitOne (events.js:101:20)
40 verbose stack     at Request.emit (events.js:188:7)
40 verbose stack     at IncomingMessage.<anonymous> (/home/arturo/.nvm/versions/node/v6.3.0/lib/node_modules/npm/node_modules/request/request.js:988:12)
41 verbose statusCode 403
42 verbose pkgid suitape
43 verbose cwd /home/arturo/Proyectos/suitape
44 error Linux 3.19.8.22-1-MANJARO
45 error argv "/home/arturo/.nvm/versions/node/v6.3.0/bin/node" "/home/arturo/.nvm/versions/node/v6.3.0/bin/npm" "publish"
46 error node v6.3.0
47 error npm  v3.10.3
48 error code E403
49 error "You cannot publish over the previously published version 1.0.0." : suitape
50 error If you need help, you may report this error at:
50 error     <https://github.com/npm/npm/issues>
51 verbose exit [ 1, true ]
